<?xml version="1.0" encoding="UTF-8"?>
<!-- Generated by org.testng.reporters.JUnitReportReporter -->
<testsuite skipped="0" hostname="Abhishek" name="tests.BaseClass" tests="1" failures="0" timestamp="2020-03-22T17:49:50 IST" time="0.014" errors="0">
  <testcase name="sampleTest" time="0.014" classname="tests.BaseClass"/>
  <system-out/>
</testsuite> <!-- tests.BaseClass -->
