<?xml version="1.0" encoding="UTF-8"?>
<!-- Generated by org.testng.reporters.JUnitReportReporter -->
<testsuite skipped="0" hostname="Abhishek" name="tests.Tests" tests="1" failures="0" timestamp="2020-04-09T02:58:09 IST" time="4.475" errors="0">
  <testcase name="LoginTest" time="4.475" classname="tests.Tests"/>
  <system-out/>
</testsuite> <!-- tests.Tests -->
