<?xml version="1.0" encoding="UTF-8"?>
<!-- Generated by org.testng.reporters.JUnitReportReporter -->
<testsuite skipped="0" hostname="Abhishek" name="tests.CalculatorJava" tests="1" failures="0" timestamp="2020-06-30T22:30:41 IST" time="4.262" errors="0">
  <testcase name="add" time="4.262" classname="tests.CalculatorJava"/>
  <system-out/>
</testsuite> <!-- tests.CalculatorJava -->
