<?xml version="1.0" encoding="UTF-8"?>
<!-- Generated by org.testng.reporters.JUnitReportReporter -->
<testsuite skipped="1" hostname="Abhishek" name="test.day3" tests="7" failures="0" timestamp="2021-05-15T18:41:28 IST" time="0.068" errors="0">
  <testcase name="MobileSignInCarLoan" time="0.017" classname="test.day3"/>
  <system-out/>
  <testcase name="dataProvide" time="0.005" classname="test.day3"/>
  <system-out/>
  <testcase name="webLoginCarLoan" time="0.006" classname="test.day3"/>
  <system-out/>
  <testcase name="dataProvide" time="0.017" classname="test.day3"/>
  <system-out/>
  <testcase name="dataProvide" time="0.016" classname="test.day3"/>
  <system-out/>
  <testcase name="MobileSignOutCarLoan" time="0.007" classname="test.day3"/>
  <system-out/>
  <testcase name="MobileloginCarLoan" classname="test.day3">
    <skipped/>
  </testcase> <!-- MobileloginCarLoan -->
  <system-out/>
</testsuite> <!-- test.day3 -->
