<?xml version="1.0" encoding="UTF-8"?>
<!-- Generated by org.testng.reporters.JUnitReportReporter -->
<testsuite skipped="0" hostname="Abhishek" name="test2.day4" tests="3" failures="0" timestamp="2021-04-26T20:52:21 IST" time="0.008" errors="0">
  <testcase name="MobileloginHomeLoan" time="0.002" classname="test2.day4"/>
  <system-out/>
  <testcase name="webLoginHomeLoan" time="0.003" classname="test2.day4"/>
  <system-out/>
  <testcase name="LoginAPIHomeLoan" time="0.003" classname="test2.day4"/>
  <system-out/>
</testsuite> <!-- test2.day4 -->
