<?xml version="1.0" encoding="UTF-8"?>
<!-- Generated by org.testng.reporters.JUnitReportReporter -->
<testsuite skipped="0" hostname="Abhishek" name="test2.day3" tests="3" failures="0" timestamp="2021-04-26T20:52:21 IST" time="0.007" errors="0">
  <testcase name="LoginAPICarLoan" time="0.003" classname="test2.day3"/>
  <system-out/>
  <testcase name="MobileloginCarLoan" time="0.002" classname="test2.day3"/>
  <system-out/>
  <testcase name="webLoginCarLoan" time="0.002" classname="test2.day3"/>
  <system-out/>
</testsuite> <!-- test2.day3 -->
