<?xml version="1.0" encoding="UTF-8"?>
<!-- Generated by org.testng.reporters.JUnitReportReporter -->
<testsuite skipped="0" hostname="Abhishek" name="test.day2" tests="1" failures="0" timestamp="2021-05-15T18:41:28 IST" time="0.009" errors="0">
  <testcase name="ploan" time="0.009" classname="test.day2"/>
  <system-out/>
</testsuite> <!-- test.day2 -->
