<?xml version="1.0" encoding="UTF-8"?>
<!-- Generated by org.testng.reporters.JUnitReportReporter -->
<testsuite skipped="0" hostname="Abhishek" name="test.day1" tests="1" failures="0" timestamp="2021-05-15T18:41:28 IST" time="0.013" errors="0">
  <testcase name="Demo" time="0.013" classname="test.day1"/>
  <system-out/>
</testsuite> <!-- test.day1 -->
