<?xml version="1.0" encoding="UTF-8"?>
<!-- Generated by org.testng.reporters.JUnitReportReporter -->
<testsuite skipped="0" hostname="Abhishek" name="test2.day1" tests="2" failures="0" timestamp="2021-04-26T20:52:21 IST" time="0.020" errors="0">
  <testcase name="SecondTest" time="0.003" classname="test2.day1"/>
  <system-out/>
  <testcase name="Demo" time="0.017" classname="test2.day1"/>
  <system-out/>
</testsuite> <!-- test2.day1 -->
